
LOG
Switch Action TP 2909.tap created by procimage 1.03 on Sat Mar  3 12:37:37 2018



-------------------------------------------
Tape Switch Action TP 2909 7 track, even parity
Graham Magnetics Epoch 4 tape
"Special Input Tape"
Name: J.W. Beason (Hill's)
Dept: 254  Bldg-flr: 4B1
------------------------------
Job Number: CK40
Programmer:  Irving I
Title:  Switch Action TP #304.1
Form # or Name:  Original-B
-------------------------
.

-------------------------------------------
4 x 132 bytes
Filemark at block 4
10080 x 132 bytes
Filemark at block 10085
4320 x 132 bytes
Filemark at block 14406
Filemark at block 14407
14407 records/1901328 bytes processed.
